TN:
SF:src\ldap.constants.ts
FNF:0
FNH:0
DA:1,4
DA:2,4
DA:3,4
LF:3
LH:3
BRF:0
BRH:0
end_of_record
TN:
SF:src\ldap.core-module.ts
FN:15,(anonymous_1)
FN:23,(anonymous_2)
FN:40,(anonymous_3)
FN:43,(anonymous_4)
FN:64,(anonymous_5)
FN:83,(anonymous_6)
FN:98,(anonymous_7)
FNF:7
FNH:7
FNDA:5,(anonymous_1)
FNDA:4,(anonymous_2)
FNDA:4,(anonymous_3)
FNDA:3,(anonymous_4)
FNDA:6,(anonymous_5)
FNDA:5,(anonymous_6)
FNDA:2,(anonymous_7)
DA:1,2
DA:3,2
DA:7,2
DA:16,5
DA:21,5
DA:23,4
DA:26,5
DA:41,4
DA:44,3
DA:49,4
DA:65,6
DA:66,1
DA:69,5
DA:70,3
DA:73,2
DA:84,5
DA:85,0
DA:88,5
DA:89,2
DA:96,3
DA:99,2
LF:21
LH:20
BRDA:65,0,0,1
BRDA:65,1,0,6
BRDA:65,1,1,5
BRDA:65,1,2,3
BRDA:69,2,0,3
BRDA:69,3,0,5
BRDA:69,3,1,4
BRDA:84,4,0,0
BRDA:84,5,0,5
BRDA:84,5,1,4
BRDA:84,5,2,2
BRDA:88,6,0,2
BRDA:92,7,0,2
BRDA:92,7,1,2
BRDA:101,8,0,3
BRDA:101,8,1,1
BRF:16
BRH:15
end_of_record
TN:
SF:src\ldap.decorators.ts
FN:11,(anonymous_0)
FNF:1
FNH:1
FNDA:4,(anonymous_0)
DA:1,2
DA:2,2
DA:11,2
DA:12,4
LF:4
LH:4
BRF:0
BRH:0
end_of_record
TN:
SF:src\ldap.interfaces.ts
FNF:0
FNH:0
DA:38,5
LF:1
LH:1
BRF:0
BRH:0
end_of_record
TN:
SF:src\ldap.manager.ts
FN:11,(anonymous_0)
FN:21,(anonymous_1)
FN:32,(anonymous_2)
FN:36,(anonymous_3)
FN:40,(anonymous_4)
FN:44,(anonymous_5)
FNF:6
FNH:6
FNDA:14,(anonymous_0)
FNDA:9,(anonymous_1)
FNDA:20,(anonymous_2)
FNDA:2,(anonymous_3)
FNDA:3,(anonymous_4)
FNDA:8,(anonymous_5)
DA:1,5
DA:2,5
DA:4,5
DA:5,14
DA:7,14
DA:9,14
DA:11,14
DA:12,14
DA:13,17
DA:15,17
DA:16,12
DA:22,9
DA:23,10
DA:24,2
DA:29,9
DA:33,20
DA:37,2
DA:41,3
DA:45,8
DA:46,1
DA:49,7
LF:21
LH:21
BRDA:15,0,0,12
BRDA:15,1,0,17
BRDA:15,1,1,16
BRDA:23,2,0,2
BRDA:23,3,0,10
BRDA:23,3,1,2
BRDA:45,4,0,1
BRF:7
BRH:7
end_of_record
TN:
SF:src\ldap.module.ts
FN:7,(anonymous_1)
FN:15,(anonymous_2)
FNF:2
FNH:2
FNDA:3,(anonymous_1)
FNDA:1,(anonymous_2)
DA:1,1
DA:2,1
DA:6,1
DA:8,3
DA:16,1
LF:5
LH:5
BRF:0
BRH:0
end_of_record
TN:
SF:src\ldap.utils.ts
FN:5,getLdapOptionsToken
FN:9,getLdapConnectionToken
FN:13,createLdapConnection
FNF:3
FNH:3
FNDA:18,getLdapOptionsToken
FNDA:24,getLdapConnectionToken
FNDA:8,createLdapConnection
DA:1,4
DA:3,4
DA:5,4
DA:6,18
DA:9,4
DA:10,24
DA:13,4
DA:14,8
DA:16,8
DA:17,8
DA:19,8
LF:11
LH:11
BRDA:6,0,0,18
BRDA:6,0,1,8
BRDA:10,1,0,24
BRDA:10,1,1,10
BRF:4
BRH:4
end_of_record
